<?xml version="1.0" encoding="UTF-8"?>
<testsuite name="uk.co.xenonique.digital.javaee.jsfcomps.AppTest" tests="1" failures="0" errors="0" timestamp="2014-04-25T10:09:10" hostname="Peters-MacBook-Pro-3.local" time="0.001">
  <properties/>
  <testcase name="shouldWork" classname="uk.co.xenonique.digital.javaee.jsfcomps.AppTest" time="0.001"/>
  <system-out><![CDATA[]]></system-out>
  <system-err><![CDATA[]]></system-err>
</testsuite>
